#
# There is insufficient memory for the Java Runtime Environment to continue.
# Native memory allocation (mmap) failed to map 65536 bytes for Failed to commit area from 0x000001e1766c0000 to 0x000001e1766d0000 of length 65536.
# Possible reasons:
#   The system is out of physical RAM or swap space
#   The process is running with CompressedOops enabled, and the Java Heap may be blocking the growth of the native heap
# Possible solutions:
#   Reduce memory load on the system
#   Increase physical memory or swap space
#   Check if swap backing store is full
#   Decrease Java heap size (-Xmx/-Xms)
#   Decrease number of Java threads
#   Decrease Java thread stack sizes (-Xss)
#   Set larger code cache with -XX:ReservedCodeCacheSize=
# This output file may be truncated or incomplete.
#
#  Out of Memory Error (c:/BuildAgent/work/5ff2f6c26000d570/src/hotspot/os/windows/os_windows.cpp:3281), pid=8752, tid=5736
#
# JRE version:  (11.0.4+10) (build )
# Java VM: OpenJDK 64-Bit Server VM (11.0.4+10-b520.11, mixed mode, aot, sharing, tiered, compressed oops, g1 gc, windows-amd64)
# No core dump will be written. Minidumps are not enabled by default on client versions of Windows
#

---------------  S U M M A R Y ------------

Command Line: org.jetbrains.git4idea.http.GitAskPassApp Password for 'https://SergeiMerson@github.com': 

Host: Intel(R) Core(TM) i5-4200U CPU @ 1.60GHz, 4 cores, 7G,  Windows 10 , 64 bit Build 17763 (10.0.17763.475)
Time: Sun Dec 22 12:55:24 2019 Jerusalem Standard Time elapsed time: 0 seconds (0d 0h 0m 0s)

---------------  T H R E A D  ---------------

Current thread (0x000001e171a37000):  JavaThread "Unknown thread" [_thread_in_vm, id=5736, stack(0x0000002b44b00000,0x0000002b44c00000)]

Stack: [0x0000002b44b00000,0x0000002b44c00000]
Native frames: (J=compiled Java code, j=interpreted, Vv=VM code, C=native code)
V  [jvm.dll+0x5db21a]
V  [jvm.dll+0x70c4f5]
V  [jvm.dll+0x70da18]
V  [jvm.dll+0x70e0e3]
V  [jvm.dll+0x23de68]
V  [jvm.dll+0x5d8984]
V  [jvm.dll+0x5cda05]
V  [jvm.dll+0x2fa6bb]
V  [jvm.dll+0x2fa62a]
V  [jvm.dll+0x2fa502]
V  [jvm.dll+0x2ff4d5]
V  [jvm.dll+0x3478c5]
V  [jvm.dll+0x347fb6]
V  [jvm.dll+0x3479b3]
V  [jvm.dll+0x2d4f98]
V  [jvm.dll+0x2d6147]
V  [jvm.dll+0x6eb6e7]
V  [jvm.dll+0x6ecedc]
V  [jvm.dll+0x354fe9]
V  [jvm.dll+0x6d35ae]
V  [jvm.dll+0x3bd7e3]
V  [jvm.dll+0x3bfb81]
C  [java.exe+0x3763]
C  [java.exe+0x17a0c]
C  [KERNEL32.DLL+0x17974]
C  [ntdll.dll+0x6a271]


---------------  P R O C E S S  ---------------

Threads class SMR info:
_java_thread_list=0x000001e16f8ca6d0, length=0, elements={
}

Java Threads: ( => current thread )

Other Threads:
  0x000001e171a4f000 GCTaskThread "GC Thread#0" [stack: 0x0000002b44c00000,0x0000002b44d00000] [id=1252]
  0x000001e171a7c800 ConcurrentGCThread "G1 Main Marker" [stack: 0x0000002b44d00000,0x0000002b44e00000] [id=1728]
  0x000001e171a7e000 ConcurrentGCThread "G1 Conc#0" [stack: 0x0000002b44e00000,0x0000002b44f00000] [id=8012]

[error occurred during error reporting (printing all threads), id 0xc0000005, EXCEPTION_ACCESS_VIOLATION (0xc0000005) at pc=0x00007ffed94758a7]

VM state:not at safepoint (not fully initialized)

VM Mutex/Monitor currently owned by a thread:  ([mutex/lock_event])
[0x000001e171a35540] Heap_lock - owner thread: 0x000001e171a37000

Heap address: 0x0000000083c00000, size: 1988 MB, Compressed Oops mode: Non-zero based: 0x0000000083c00000
Narrow klass base: 0x0000000000000000, Narrow klass shift: 0

GC Heap History (0 events):
No events

Deoptimization events (0 events):
No events

Classes redefined (0 events):
No events

Internal exceptions (0 events):
No events

Events (0 events):
No events


Dynamic libraries:
0x00007ff76e2d0000 - 0x00007ff76e317000 	C:\Program Files\JetBrains\PyCharm Community Edition with Anaconda plugin 2019.2\jbr\bin\java.exe
0x00007fff30f70000 - 0x00007fff3115d000 	C:\Windows\SYSTEM32\ntdll.dll
0x00007fff2e5e0000 - 0x00007fff2e693000 	C:\Windows\System32\KERNEL32.DLL
0x00007fff2d520000 - 0x00007fff2d7b3000 	C:\Windows\System32\KERNELBASE.dll
0x00007fff2f450000 - 0x00007fff2f5e7000 	C:\Windows\System32\USER32.dll
0x00007fff2d060000 - 0x00007fff2d080000 	C:\Windows\System32\win32u.dll
0x00007fff2e700000 - 0x00007fff2e729000 	C:\Windows\System32\GDI32.dll
0x00007fff2d0d0000 - 0x00007fff2d269000 	C:\Windows\System32\gdi32full.dll
0x00007fff2d7c0000 - 0x00007fff2d860000 	C:\Windows\System32\msvcp_win.dll
0x00007fff2d8c0000 - 0x00007fff2d9ba000 	C:\Windows\System32\ucrtbase.dll
0x00007fff1c950000 - 0x00007fff1cbc9000 	C:\Windows\WinSxS\amd64_microsoft.windows.common-controls_6595b64144ccf1df_6.0.17763.864_none_05b3441807210760\COMCTL32.dll
0x00007fff2f5f0000 - 0x00007fff2f68e000 	C:\Windows\System32\msvcrt.dll
0x00007fff2f690000 - 0x00007fff2f9bc000 	C:\Windows\System32\combase.dll
0x00007fff2e4b0000 - 0x00007fff2e5d2000 	C:\Windows\System32\RPCRT4.dll
0x00007fff2e140000 - 0x00007fff2e1be000 	C:\Windows\System32\bcryptPrimitives.dll
0x00007fff2eb40000 - 0x00007fff2eb6e000 	C:\Windows\System32\IMM32.DLL
0x00007fff25560000 - 0x00007fff25577000 	C:\Program Files\JetBrains\PyCharm Community Edition with Anaconda plugin 2019.2\jbr\bin\vcruntime140.dll
0x00007ffef2cf0000 - 0x00007ffef2d8d000 	C:\Program Files\JetBrains\PyCharm Community Edition with Anaconda plugin 2019.2\jbr\bin\msvcp140.dll
0x00007ffed9190000 - 0x00007ffed9c48000 	C:\Program Files\JetBrains\PyCharm Community Edition with Anaconda plugin 2019.2\jbr\bin\server\jvm.dll
0x00007fff30ec0000 - 0x00007fff30f63000 	C:\Windows\System32\ADVAPI32.dll
0x00007fff2f0b0000 - 0x00007fff2f14e000 	C:\Windows\System32\sechost.dll
0x00007fff2e9a0000 - 0x00007fff2e9a8000 	C:\Windows\System32\PSAPI.DLL
0x00007fff1db10000 - 0x00007fff1db19000 	C:\Windows\SYSTEM32\WSOCK32.dll
0x00007fff2f3e0000 - 0x00007fff2f44d000 	C:\Windows\System32\WS2_32.dll
0x00007fff2a410000 - 0x00007fff2a434000 	C:\Windows\SYSTEM32\WINMM.dll
0x00007fff1b860000 - 0x00007fff1b86a000 	C:\Windows\SYSTEM32\VERSION.dll
0x00007fff2a3e0000 - 0x00007fff2a40d000 	C:\Windows\SYSTEM32\winmmbase.dll
0x00007fff2d080000 - 0x00007fff2d0ca000 	C:\Windows\System32\cfgmgr32.dll
0x00007fff2cfb0000 - 0x00007fff2cfc1000 	C:\Windows\System32\kernel.appcore.dll
0x00007fff15ad0000 - 0x00007fff15ae1000 	C:\Program Files\JetBrains\PyCharm Community Edition with Anaconda plugin 2019.2\jbr\bin\verify.dll
0x00007ffef4f40000 - 0x00007ffef512d000 	C:\Windows\SYSTEM32\DBGHELP.DLL
0x00007fff21c60000 - 0x00007fff21c8a000 	C:\Windows\SYSTEM32\dbgcore.DLL
0x00007fff159c0000 - 0x00007fff159e9000 	C:\Program Files\JetBrains\PyCharm Community Edition with Anaconda plugin 2019.2\jbr\bin\java.dll
0x00007fff14690000 - 0x00007fff146a7000 	C:\Program Files\JetBrains\PyCharm Community Edition with Anaconda plugin 2019.2\jbr\bin\zip.dll
0x00007fff1ce30000 - 0x00007fff1ce3b000 	C:\Program Files\JetBrains\PyCharm Community Edition with Anaconda plugin 2019.2\jbr\bin\jimage.dll

dbghelp: loaded successfully - version: 4.0.5 - missing functions: none
symbol engine: initialized successfully - sym options: 0x614 - pdb path: .;C:\Program Files\JetBrains\PyCharm Community Edition with Anaconda plugin 2019.2\jbr\bin;C:\Windows\SYSTEM32;C:\Windows\WinSxS\amd64_microsoft.windows.common-controls_6595b64144ccf1df_6.0.17763.864_none_05b3441807210760;C:\Program Files\JetBrains\PyCharm Community Edition with Anaconda plugin 2019.2\jbr\bin\server

VM Arguments:
java_command: org.jetbrains.git4idea.http.GitAskPassApp Password for 'https://SergeiMerson@github.com': 
java_class_path (initial): C:/Program Files/JetBrains/PyCharm Community Edition with Anaconda plugin 2019.2/plugins/git4idea/lib/git4idea-rt.jar;C:/Program Files/JetBrains/PyCharm Community Edition with Anaconda plugin 2019.2/lib/xmlrpc-2.0.1.jar;C:/Program Files/JetBrains/PyCharm Community Edition with Anaconda plugin 2019.2/lib/commons-codec-1.13.jar;C:/Program Files/JetBrains/PyCharm Community Edition with Anaconda plugin 2019.2/lib/util.jar
Launcher Type: SUN_STANDARD

[Global flags]
     intx CICompilerCount                          = 3                                         {product} {ergonomic}
     uint ConcGCThreads                            = 1                                         {product} {ergonomic}
     uint G1ConcRefinementThreads                  = 4                                         {product} {ergonomic}
   size_t G1HeapRegionSize                         = 1048576                                   {product} {ergonomic}
    uintx GCDrainStackTargetSize                   = 64                                        {product} {ergonomic}
   size_t InitialHeapSize                          = 132120576                                 {product} {ergonomic}
   size_t MarkStackSize                            = 4194304                                   {product} {ergonomic}
   size_t MaxHeapSize                              = 2084569088                                {product} {ergonomic}
   size_t MinHeapDeltaBytes                        = 1048576                                   {product} {ergonomic}
    uintx NonNMethodCodeHeapSize                   = 5830092                                {pd product} {ergonomic}
    uintx NonProfiledCodeHeapSize                  = 122914074                              {pd product} {ergonomic}
    uintx ProfiledCodeHeapSize                     = 122914074                              {pd product} {ergonomic}
    uintx ReservedCodeCacheSize                    = 251658240                              {pd product} {ergonomic}
     bool SegmentedCodeCache                       = true                                      {product} {ergonomic}
     bool UseCompressedClassPointers               = true                                 {lp64_product} {ergonomic}
     bool UseCompressedOops                        = true                                 {lp64_product} {ergonomic}
     bool UseG1GC                                  = true                                      {product} {ergonomic}
     bool UseLargePagesIndividualAllocation        = false                                  {pd product} {ergonomic}

Logging:
Log output configuration:
 #0: stdout all=warning uptime,level,tags
 #1: stderr all=off uptime,level,tags

Environment Variables:
PATH=C:\Program Files\Git\mingw64\libexec\git-core;C:\Program Files\Git\mingw64\libexec\git-core;C:\Program Files\Git\mingw64\bin;C:\Program Files\Git\usr\bin;C:\Users\Sergei\bin;C:\Program Files\Microsoft MPI\Bin;C:\Program Files\Python37\Scripts;C:\Program Files\Python37;C:\Windows\system32;C:\Windows;C:\Windows\System32\Wbem;C:\Windows\System32\WindowsPowerShell\v1.0;C:\Program Files\Git\cmd;C:\Program Files (x86)\Microsoft SQL Server\150\Tools\Binn;C:\Program Files\Microsoft SQL Server\150\Tools\Binn;C:\Program Files (x86)\Microsoft SQL Server\150\DTS\Binn;C:\Program Files\Microsoft SQL Server\150\DTS\Binn;C:\Program Files\Microsoft SQL Server\Client SDK\ODBC\170\Tools\Binn;C:\Users\Sergei\AppData\Local\Microsoft\WindowsApps
USERNAME=Sergei
DISPLAY=:0.0
OS=Windows_NT
PROCESSOR_IDENTIFIER=Intel64 Family 6 Model 69 Stepping 1, GenuineIntel



---------------  S Y S T E M  ---------------

OS: Windows 10 , 64 bit Build 17763 (10.0.17763.475)

CPU:total 4 (initial active 4) (2 cores per cpu, 2 threads per core) family 6 model 69 stepping 1, cmov, cx8, fxsr, mmx, sse, sse2, sse3, ssse3, sse4.1, sse4.2, popcnt, avx, avx2, aes, clmul, erms, lzcnt, ht, tsc, tscinvbit, bmi1, bmi2, fma

Memory: 4k page, system-wide physical 7944M (475M free)
TotalPageFile size 7944M (AvailPageFile size 12M)
current process WorkingSet (physical memory assigned to process): 9M, peak: 9M
current process commit charge ("private bytes"): 179M, peak: 179M

vm_info: OpenJDK 64-Bit Server VM (11.0.4+10-b520.11) for windows-amd64 JRE (11.0.4+10-b520.11), built on Nov 16 2019 04:35:14 by "" with MS VC++ 14.0 (VS2015)

END.
